Started on Jun 19, 2019 11:20:42 AM
Using strategy: Default
[poll] Last Built Revision: Revision 799f519e051d05f94da2bfafdb97a56c469ee0bf (refs/remotes/origin/master)
No credentials specified
 > git --version # timeout=10
 > git ls-remote -h https://github.com/prasathmss/jenkins-devops-062019 # timeout=10
FATAL: hudson.plugins.git.GitException: Command "git ls-remote -h https://github.com/prasathmss/jenkins-devops-062019" returned status code 128:
stdout: 
stderr: remote: Invalid username or password.
fatal: Authentication failed for 'https://github.com/prasathmss/jenkins-devops-062019/'

hudson.plugins.git.GitException: Command "git ls-remote -h https://github.com/prasathmss/jenkins-devops-062019" returned status code 128:
stdout: 
stderr: remote: Invalid username or password.
fatal: Authentication failed for 'https://github.com/prasathmss/jenkins-devops-062019/'

	at org.jenkinsci.plugins.gitclient.CliGitAPIImpl.launchCommandIn(CliGitAPIImpl.java:2042)
	at org.jenkinsci.plugins.gitclient.CliGitAPIImpl.launchCommandWithCredentials(CliGitAPIImpl.java:1761)
	at org.jenkinsci.plugins.gitclient.CliGitAPIImpl.launchCommandWithCredentials(CliGitAPIImpl.java:1666)
	at org.jenkinsci.plugins.gitclient.CliGitAPIImpl.launchCommandWithCredentials(CliGitAPIImpl.java:1657)
	at org.jenkinsci.plugins.gitclient.CliGitAPIImpl.getHeadRev(CliGitAPIImpl.java:2824)
	at hudson.plugins.git.GitSCM.compareRemoteRevisionWithImpl(GitSCM.java:699)
	at hudson.plugins.git.GitSCM.compareRemoteRevisionWith(GitSCM.java:658)
Caused: java.io.IOException
	at hudson.plugins.git.GitSCM.compareRemoteRevisionWith(GitSCM.java:660)
	at hudson.scm.SCM.compareRemoteRevisionWith(SCM.java:400)
	at hudson.scm.SCM.poll(SCM.java:417)
	at hudson.model.AbstractProject._poll(AbstractProject.java:1390)
	at hudson.model.AbstractProject.poll(AbstractProject.java:1293)
	at hudson.triggers.SCMTrigger$Runner.runPolling(SCMTrigger.java:603)
	at hudson.triggers.SCMTrigger$Runner.run(SCMTrigger.java:649)
	at hudson.util.SequentialExecutionQueue$QueueEntry.run(SequentialExecutionQueue.java:119)
	at java.util.concurrent.Executors$RunnableAdapter.call(Executors.java:511)
	at java.util.concurrent.FutureTask.run(FutureTask.java:266)
	at java.util.concurrent.ThreadPoolExecutor.runWorker(ThreadPoolExecutor.java:1149)
	at java.util.concurrent.ThreadPoolExecutor$Worker.run(ThreadPoolExecutor.java:624)
	at java.lang.Thread.run(Thread.java:748)
Done. Took 3.1 sec
No changes
